Started GET "/" for 127.0.0.1 at 2023-07-07 19:03:47 +0530
Processing by Rails::WelcomeController#index as HTML
  Rendering /Users/dineshkumarkolimi/.rvm/gems/ruby-3.0.0/gems/railties-7.0.5.1/lib/rails/templates/rails/welcome/index.html.erb
  Rendered /Users/dineshkumarkolimi/.rvm/gems/ruby-3.0.0/gems/railties-7.0.5.1/lib/rails/templates/rails/welcome/index.html.erb (Duration: 1.1ms | Allocations: 839)
Completed 200 OK in 12ms (Views: 3.5ms | ActiveRecord: 0.0ms | Allocations: 10005)


Started GET "/" for ::1 at 2023-07-07 19:03:54 +0530
Processing by Rails::WelcomeController#index as HTML
  Rendering /Users/dineshkumarkolimi/.rvm/gems/ruby-3.0.0/gems/railties-7.0.5.1/lib/rails/templates/rails/welcome/index.html.erb
  Rendered /Users/dineshkumarkolimi/.rvm/gems/ruby-3.0.0/gems/railties-7.0.5.1/lib/rails/templates/rails/welcome/index.html.erb (Duration: 1.2ms | Allocations: 454)
Completed 200 OK in 4ms (Views: 2.8ms | ActiveRecord: 0.0ms | Allocations: 1358)


Started GET "/pages/home" for ::1 at 2023-07-07 19:33:37 +0530
Processing by PagesController#home as HTML
  Rendering layout layouts/application.html.erb
  Rendering pages/home.html.erb within layouts/application
  Rendered pages/home.html.erb within layouts/application (Duration: 0.5ms | Allocations: 376)
  Rendered layout layouts/application.html.erb (Duration: 1758.5ms | Allocations: 77687)
Completed 200 OK in 1765ms (Views: 1760.2ms | ActiveRecord: 0.0ms | Allocations: 84210)


Started GET "/" for ::1 at 2023-07-07 19:37:38 +0530
Processing by Rails::WelcomeController#index as HTML
  Rendering /Users/dineshkumarkolimi/.rvm/gems/ruby-3.0.0/gems/railties-7.0.5.1/lib/rails/templates/rails/welcome/index.html.erb
  Rendered /Users/dineshkumarkolimi/.rvm/gems/ruby-3.0.0/gems/railties-7.0.5.1/lib/rails/templates/rails/welcome/index.html.erb (Duration: 1.0ms | Allocations: 466)
Completed 200 OK in 3ms (Views: 1.7ms | ActiveRecord: 0.0ms | Allocations: 1452)


Started GET "/" for ::1 at 2023-07-07 19:37:46 +0530
Processing by Rails::WelcomeController#index as HTML
  Rendering /Users/dineshkumarkolimi/.rvm/gems/ruby-3.0.0/gems/railties-7.0.5.1/lib/rails/templates/rails/welcome/index.html.erb
  Rendered /Users/dineshkumarkolimi/.rvm/gems/ruby-3.0.0/gems/railties-7.0.5.1/lib/rails/templates/rails/welcome/index.html.erb (Duration: 1.0ms | Allocations: 454)
Completed 200 OK in 4ms (Views: 2.2ms | ActiveRecord: 0.0ms | Allocations: 1361)


Started GET "/" for ::1 at 2023-07-07 19:37:48 +0530
Processing by Rails::WelcomeController#index as HTML
  Rendering /Users/dineshkumarkolimi/.rvm/gems/ruby-3.0.0/gems/railties-7.0.5.1/lib/rails/templates/rails/welcome/index.html.erb
  Rendered /Users/dineshkumarkolimi/.rvm/gems/ruby-3.0.0/gems/railties-7.0.5.1/lib/rails/templates/rails/welcome/index.html.erb (Duration: 0.1ms | Allocations: 15)
Completed 200 OK in 1ms (Views: 0.5ms | ActiveRecord: 0.0ms | Allocations: 268)


Started GET "/pages/home" for ::1 at 2023-07-07 19:37:50 +0530
Processing by PagesController#home as HTML
  Rendering layout layouts/application.html.erb
  Rendering pages/home.html.erb within layouts/application
  Rendered pages/home.html.erb within layouts/application (Duration: 0.6ms | Allocations: 118)
  Rendered layout layouts/application.html.erb (Duration: 6.5ms | Allocations: 1576)
Completed 200 OK in 10ms (Views: 8.6ms | ActiveRecord: 0.0ms | Allocations: 2593)


Started GET "/pages/home" for ::1 at 2023-07-08 09:18:33 +0530
  
ArgumentError (Missing :controller key on routes definition, please check your routes.):
  
config/routes.rb:2:in `block in <main>'
config/routes.rb:1:in `<main>'
Started GET "/" for ::1 at 2023-07-08 09:18:35 +0530
  
ActionController::RoutingError (No route matches [GET] "/"):
  
Started GET "/" for ::1 at 2023-07-08 09:19:50 +0530
Processing by PagesController#home as HTML
  Rendering layout layouts/application.html.erb
  Rendering pages/home.html.erb within layouts/application
  Rendered pages/home.html.erb within layouts/application (Duration: 0.4ms | Allocations: 118)
  Rendered layout layouts/application.html.erb (Duration: 23.4ms | Allocations: 22927)
Completed 200 OK in 29ms (Views: 24.7ms | Allocations: 26648)


Started GET "/" for ::1 at 2023-07-08 09:28:18 +0530
Processing by PagesController#home as HTML
  Rendering layout layouts/application.html.erb
  Rendering pages/home.html.erb within layouts/application
  Rendered pages/home.html.erb within layouts/application (Duration: 0.5ms | Allocations: 117)
  Rendered layout layouts/application.html.erb (Duration: 5.9ms | Allocations: 1565)
Completed 200 OK in 8ms (Views: 7.2ms | Allocations: 2671)


Started GET "/" for ::1 at 2023-07-08 09:29:46 +0530
Processing by PagesController#home as HTML
  Rendering layout layouts/application.html.erb
  Rendering pages/home.html.erb within layouts/application
  Rendered pages/home.html.erb within layouts/application (Duration: 0.4ms | Allocations: 117)
  Rendered layout layouts/application.html.erb (Duration: 2.9ms | Allocations: 1568)
Completed 200 OK in 5ms (Views: 4.1ms | Allocations: 2676)


Started GET "/about" for ::1 at 2023-07-08 09:29:51 +0530
Processing by PagesController#about as HTML
  Rendering layout layouts/application.html.erb
  Rendering pages/about.html.erb within layouts/application
  Rendered pages/about.html.erb within layouts/application (Duration: 0.8ms | Allocations: 111)
  Rendered layout layouts/application.html.erb (Duration: 3.0ms | Allocations: 1281)
Completed 200 OK in 5ms (Views: 3.9ms | Allocations: 1582)


